<?xml version="1.0" encoding="UTF-8"?>
<!-- Generated by org.testng.reporters.JUnitReportReporter -->
<testsuite hostname="LAPTOP-H7R7DK85" failures="0" tests="1" name="testng.SampleTest" time="0.017" errors="0" timestamp="2024-08-10T06:09:38 IST" skipped="0">
  <testcase classname="testng.SampleTest" name="demo" time="0.017"/>
  <system-out>
    <![CDATA[Hello World!]]>
  </system-out>
</testsuite> <!-- testng.SampleTest -->
