<?xml version="1.0" encoding="UTF-8"?>
<!-- Generated by org.testng.reporters.JUnitReportReporter -->
<testsuite hostname="LAPTOP-H7R7DK85" failures="0" tests="2" name="distributedParallel.Test4" time="0.030" errors="0" timestamp="2024-08-10T06:08:51 IST" skipped="0">
  <testcase classname="distributedParallel.Test4" name="demo1" time="0.009"/>
  <system-out/>
  <testcase classname="distributedParallel.Test4" name="demo2" time="0.021"/>
  <system-out/>
</testsuite> <!-- distributedParallel.Test4 -->
