<?xml version="1.0" encoding="UTF-8"?>
<!-- Generated by org.testng.reporters.JUnitReportReporter -->
<testsuite hostname="LAPTOP-H7R7DK85" failures="0" tests="1" name="assertions.WhyNotIfElse" time="0.011" errors="0" timestamp="2024-08-09T05:44:07 IST" skipped="0">
  <testcase classname="assertions.WhyNotIfElse" name="demo" time="0.011"/>
  <system-out/>
</testsuite> <!-- assertions.WhyNotIfElse -->
