<?xml version="1.0" encoding="UTF-8"?>
<!-- Generated by org.testng.reporters.JUnitReportReporter -->
<testsuite hostname="LAPTOP-H7R7DK85" failures="0" tests="1" name="annotations.TestClass" time="0.009" errors="0" timestamp="2024-08-07T05:55:56 IST" skipped="0">
  <testcase classname="annotations.TestClass" name="test1" time="0.009"/>
  <system-out/>
</testsuite> <!-- annotations.TestClass -->
