<?xml version="1.0" encoding="UTF-8"?>
<!-- Generated by org.testng.reporters.JUnitReportReporter -->
<testsuite hostname="LAPTOP-H7R7DK85" failures="0" tests="3" name="testng.DataProvidersTest" time="0.018" errors="0" timestamp="2024-08-10T05:26:26 IST" skipped="0">
  <testcase classname="testng.DataProvidersTest" name="bookTicketTest" time="0.004"/>
  <system-out/>
  <testcase classname="testng.DataProvidersTest" name="bookTicketTest" time="0.010"/>
  <system-out/>
  <testcase classname="testng.DataProvidersTest" name="bookTicketTest" time="0.004"/>
  <system-out/>
</testsuite> <!-- testng.DataProvidersTest -->
