<?xml version="1.0" encoding="UTF-8"?>
<!-- Generated by org.testng.reporters.JUnitReportReporter -->
<testsuite hostname="LAPTOP-H7R7DK85" failures="0" tests="3" name="crossBrowserParallel.Test2" time="18.280" errors="0" timestamp="2024-08-09T05:26:20 IST" skipped="0">
  <testcase classname="crossBrowserParallel.Test2" name="facebook" time="8.120"/>
  <system-out/>
  <testcase classname="crossBrowserParallel.Test2" name="facebook" time="3.235"/>
  <system-out/>
  <testcase classname="crossBrowserParallel.Test2" name="facebook" time="6.925"/>
  <system-out/>
</testsuite> <!-- crossBrowserParallel.Test2 -->
