<?xml version="1.0" encoding="UTF-8"?>
<!-- Generated by org.testng.reporters.JUnitReportReporter -->
<testsuite hostname="LAPTOP-H7R7DK85" failures="0" tests="1" name="groupExecution.TestClass4" time="0.005" errors="0" timestamp="2024-08-08T05:25:42 IST" skipped="0">
  <testcase classname="groupExecution.TestClass4" name="test3" time="0.005"/>
  <system-out/>
</testsuite> <!-- groupExecution.TestClass4 -->
