<?xml version="1.0" encoding="UTF-8"?>
<!-- Generated by org.testng.reporters.JUnitReportReporter -->
<testsuite hostname="LAPTOP-H7R7DK85" failures="0" tests="3" name="testng.InvocationCountTest" time="0.010" errors="0" timestamp="2024-08-09T06:05:58 IST" skipped="0">
  <testcase classname="testng.InvocationCountTest" name="demo4" time="0.004"/>
  <system-out>
    <![CDATA[demo - 4]]>
  </system-out>
  <testcase classname="testng.InvocationCountTest" name="demo4" time="0.002"/>
  <system-out>
    <![CDATA[demo - 4]]>
  </system-out>
  <testcase classname="testng.InvocationCountTest" name="demo3" time="0.004"/>
  <system-out>
    <![CDATA[demo - 3]]>
  </system-out>
</testsuite> <!-- testng.InvocationCountTest -->
