<?xml version="1.0" encoding="UTF-8"?>
<!-- Generated by org.testng.reporters.JUnitReportReporter -->
<testsuite hostname="LAPTOP-H7R7DK85" failures="0" tests="3" name="crossBrowserParallel.Test1" time="21.902" errors="0" timestamp="2024-08-09T05:26:20 IST" skipped="0">
  <testcase classname="crossBrowserParallel.Test1" name="google" time="3.910"/>
  <system-out/>
  <testcase classname="crossBrowserParallel.Test1" name="google" time="14.389"/>
  <system-out/>
  <testcase classname="crossBrowserParallel.Test1" name="google" time="3.603"/>
  <system-out/>
</testsuite> <!-- crossBrowserParallel.Test1 -->
