<?xml version="1.0" encoding="UTF-8"?>
<!-- Generated by org.testng.reporters.JUnitReportReporter -->
<testsuite hostname="LAPTOP-H7R7DK85" failures="0" tests="4" name="testng.PrioritizeTests" time="0.027" errors="0" timestamp="2024-08-09T06:05:58 IST" skipped="0">
  <testcase classname="testng.PrioritizeTests" name="demo2" time="0.019"/>
  <system-out>
    <![CDATA[demo - 2]]>
  </system-out>
  <testcase classname="testng.PrioritizeTests" name="demo3" time="0.003"/>
  <system-out>
    <![CDATA[demo - 3]]>
  </system-out>
  <testcase classname="testng.PrioritizeTests" name="demo1" time="0.003"/>
  <system-out>
    <![CDATA[demo - 1]]>
  </system-out>
  <testcase classname="testng.PrioritizeTests" name="demo4" time="0.002"/>
  <system-out>
    <![CDATA[demo - 4]]>
  </system-out>
</testsuite> <!-- testng.PrioritizeTests -->
