<?xml version="1.0" encoding="UTF-8"?>
<!-- Generated by org.testng.reporters.JUnitReportReporter -->
<testsuite hostname="LAPTOP-H7R7DK85" failures="0" tests="3" name="groupExecution.TestClass3" time="0.025" errors="0" timestamp="2024-08-08T05:25:42 IST" skipped="0">
  <testcase classname="groupExecution.TestClass3" name="test3" time="0.007"/>
  <system-out/>
  <testcase classname="groupExecution.TestClass3" name="test2" time="0.015"/>
  <system-out/>
  <testcase classname="groupExecution.TestClass3" name="test1" time="0.003"/>
  <system-out/>
</testsuite> <!-- groupExecution.TestClass3 -->
