<?xml version="1.0" encoding="UTF-8"?>
<!-- Generated by org.testng.reporters.JUnitReportReporter -->
<testsuite hostname="LAPTOP-H7R7DK85" failures="0" tests="2" name="distributedParallel.Test6" time="0.051" errors="0" timestamp="2024-08-10T06:08:51 IST" skipped="0">
  <testcase classname="distributedParallel.Test6" name="demo1" time="0.032"/>
  <system-out/>
  <testcase classname="distributedParallel.Test6" name="demo2" time="0.019"/>
  <system-out/>
</testsuite> <!-- distributedParallel.Test6 -->
