<?xml version="1.0" encoding="UTF-8"?>
<!-- Generated by org.testng.reporters.JUnitReportReporter -->
<testsuite hostname="LAPTOP-H7R7DK85" failures="0" tests="3" name="groupExecution.TestClass1" time="0.021" errors="0" timestamp="2024-08-08T05:25:42 IST" skipped="0">
  <testcase classname="groupExecution.TestClass1" name="test1" time="0.013"/>
  <system-out/>
  <testcase classname="groupExecution.TestClass1" name="test2" time="0.001"/>
  <system-out/>
  <testcase classname="groupExecution.TestClass1" name="test3" time="0.007"/>
  <system-out/>
</testsuite> <!-- groupExecution.TestClass1 -->
